<?xml version="1.0" encoding="UTF-8"?>
<testsuite name="LinkedListTest" tests="2" skipped="0" failures="0" errors="0" timestamp="2021-05-04T15:59:06" hostname="Angies-MacBook-Pro.local" time="0.027">
  <properties/>
  <testcase name="linkedListIsEmptyWhenInitiated()" classname="LinkedListTest" time="0.024"/>
  <testcase name="linkedListIsNotEmptyAfterAddingANode()" classname="LinkedListTest" time="0.002"/>
  <system-out><![CDATA[]]></system-out>
  <system-err><![CDATA[]]></system-err>
</testsuite>
